<?xml version="1.0" encoding="UTF-8"?>
<testng-results skipped="0" failed="0" ignored="0" total="1" passed="1">
  <reporter-output>
  </reporter-output>
  <suite name="Command line suite" duration-ms="6950" started-at="2023-05-07T09:13:40 BST" finished-at="2023-05-07T09:13:47 BST">
    <groups>
    </groups>
    <test name="Command line test" duration-ms="6950" started-at="2023-05-07T09:13:40 BST" finished-at="2023-05-07T09:13:47 BST">
      <class name="com.nopcommerce.demo.testsuite.ElectronicsTest">
        <test-method status="PASS" signature="setUp()[pri:0, instance:com.nopcommerce.demo.testsuite.ElectronicsTest@bd8db5a]" name="setUp" is-config="true" duration-ms="6120" started-at="2023-05-07T09:13:40 BST" finished-at="2023-05-07T09:13:46 BST">
          <reporter-output>
          </reporter-output>
        </test-method> <!-- setUp -->
        <test-method status="PASS" signature="verifyUserShouldNavigateToCellPhonesPageSuccessfully()[pri:0, instance:com.nopcommerce.demo.testsuite.ElectronicsTest@bd8db5a]" name="verifyUserShouldNavigateToCellPhonesPageSuccessfully" duration-ms="1" started-at="2023-05-07T09:13:46 BST" finished-at="2023-05-07T09:13:46 BST">
          <reporter-output>
          </reporter-output>
        </test-method> <!-- verifyUserShouldNavigateToCellPhonesPageSuccessfully -->
        <test-method status="PASS" signature="tearDown()[pri:0, instance:com.nopcommerce.demo.testsuite.ElectronicsTest@bd8db5a]" name="tearDown" is-config="true" duration-ms="781" started-at="2023-05-07T09:13:46 BST" finished-at="2023-05-07T09:13:47 BST">
          <reporter-output>
          </reporter-output>
        </test-method> <!-- tearDown -->
      </class> <!-- com.nopcommerce.demo.testsuite.ElectronicsTest -->
    </test> <!-- Command line test -->
  </suite> <!-- Command line suite -->
</testng-results>
